<?xml version="1.0" encoding="UTF-8"?>
<testng-results skipped="0" failed="0" ignored="0" total="1" passed="1">
  <reporter-output>
  </reporter-output>
  <suite name="Default suite" duration-ms="28319" started-at="2019-03-27T09:43:35Z" finished-at="2019-03-27T09:44:03Z">
    <groups>
    </groups>
    <test name="Default test" duration-ms="28319" started-at="2019-03-27T09:43:35Z" finished-at="2019-03-27T09:44:03Z">
      <class name="com.fpt.TestLogin">
        <test-method status="PASS" signature="setup()[pri:0, instance:com.fpt.TestLogin@3aeaafa6]" name="setup" is-config="true" duration-ms="8917" started-at="2019-03-27T09:43:35Z" finished-at="2019-03-27T09:43:44Z">
          <reporter-output>
          </reporter-output>
        </test-method> <!-- setup -->
        <test-method status="PASS" signature="testLogin()[pri:0, instance:com.fpt.TestLogin@3aeaafa6]" name="testLogin" duration-ms="18093" started-at="2019-03-27T09:43:44Z" finished-at="2019-03-27T09:44:02Z">
          <reporter-output>
          </reporter-output>
        </test-method> <!-- testLogin -->
        <test-method status="PASS" signature="teardown()[pri:0, instance:com.fpt.TestLogin@3aeaafa6]" name="teardown" is-config="true" duration-ms="1275" started-at="2019-03-27T09:44:02Z" finished-at="2019-03-27T09:44:03Z">
          <reporter-output>
          </reporter-output>
        </test-method> <!-- teardown -->
      </class> <!-- com.fpt.TestLogin -->
    </test> <!-- Default test -->
  </suite> <!-- Default suite -->
</testng-results>
