<?xml version="1.0" encoding="UTF-8"?>
<!-- Generated by org.testng.reporters.JUnitXMLReporter -->
<testsuite hostname="Temp-ThanhNTH" ignored="0" name="Command line test" tests="4" failures="0" timestamp="05 Mar 2019 07:00:40 GMT" time="0.043" errors="0">
  <testcase name="TestAddition" time="0.014" classname="calculatorApp.NewTest"/>
  <testcase name="TestDivision" time="0.0" classname="calculatorApp.NewTest"/>
  <testcase name="TestSmultiplication" time="0.0" classname="calculatorApp.NewTest"/>
  <testcase name="TestSubtraction" time="0.0" classname="calculatorApp.NewTest"/>
</testsuite> <!-- Command line test -->
