<?xml version="1.0" encoding="UTF-8"?>
<testng-results skipped="0" failed="0" total="1" passed="1">
  <reporter-output>
  </reporter-output>
  <suite name="Default suite" duration-ms="27" started-at="2019-03-06T18:53:53Z" finished-at="2019-03-06T18:53:53Z">
    <groups>
    </groups>
    <test name="Default test" duration-ms="27" started-at="2019-03-06T18:53:53Z" finished-at="2019-03-06T18:53:53Z">
      <class name="com.fpt.xmlTest">
        <test-method status="PASS" signature="f()[pri:0, instance:com.fpt.xmlTest@13b6d03]" name="f" duration-ms="9" started-at="2019-03-07T01:53:53Z" finished-at="2019-03-07T01:53:53Z">
          <reporter-output>
          </reporter-output>
        </test-method> <!-- f -->
      </class> <!-- com.fpt.xmlTest -->
    </test> <!-- Default test -->
  </suite> <!-- Default suite -->
</testng-results>
