<?xml version="1.0" encoding="UTF-8"?>
<testng-results skipped="0" failed="0" ignored="0" total="1" passed="1">
  <reporter-output>
  </reporter-output>
  <suite name="Default suite" duration-ms="30193" started-at="2019-03-18T15:54:36Z" finished-at="2019-03-18T15:55:06Z">
    <groups>
    </groups>
    <test name="Default test" duration-ms="30193" started-at="2019-03-18T15:54:36Z" finished-at="2019-03-18T15:55:06Z">
      <class name="com.fpt.practice2.Excercise2">
        <test-method status="PASS" signature="setup()[pri:0, instance:com.fpt.practice2.Excercise2@c038203]" name="setup" is-config="true" duration-ms="14279" started-at="2019-03-18T22:54:36Z" finished-at="2019-03-18T22:54:50Z">
          <reporter-output>
          </reporter-output>
        </test-method> <!-- setup -->
        <test-method status="PASS" signature="Test()[pri:0, instance:com.fpt.practice2.Excercise2@c038203]" name="Test" duration-ms="15715" started-at="2019-03-18T22:54:50Z" finished-at="2019-03-18T22:55:06Z">
          <reporter-output>
          </reporter-output>
        </test-method> <!-- Test -->
        <test-method status="PASS" signature="teardown()[pri:0, instance:com.fpt.practice2.Excercise2@c038203]" name="teardown" is-config="true" duration-ms="178" started-at="2019-03-18T22:55:06Z" finished-at="2019-03-18T22:55:06Z">
          <reporter-output>
          </reporter-output>
        </test-method> <!-- teardown -->
      </class> <!-- com.fpt.practice2.Excercise2 -->
    </test> <!-- Default test -->
  </suite> <!-- Default suite -->
</testng-results>
