<?xml version="1.0" encoding="UTF-8"?>
<testng-results skipped="0" failed="0" ignored="0" total="4" passed="4">
  <reporter-output>
  </reporter-output>
  <suite name="Default suite" duration-ms="78739" started-at="2019-03-16T15:23:10Z" finished-at="2019-03-16T15:24:29Z">
    <groups>
    </groups>
    <test name="Default test" duration-ms="78739" started-at="2019-03-16T15:23:10Z" finished-at="2019-03-16T15:24:29Z">
      <class name="com.fpt.assignment2.excercise3.TestCreatAccount">
        <test-method status="PASS" signature="setup()[pri:0, instance:com.fpt.assignment2.excercise3.TestCreatAccount@59fa1d9b]" name="setup" is-config="true" duration-ms="13685" started-at="2019-03-16T22:23:11Z" finished-at="2019-03-16T22:23:25Z">
          <reporter-output>
          </reporter-output>
        </test-method> <!-- setup -->
        <test-method status="PASS" signature="Test(java.lang.String, java.lang.String, java.lang.String)[pri:0, instance:com.fpt.assignment2.excercise3.TestCreatAccount@59fa1d9b]" name="Test" duration-ms="5391" started-at="2019-03-16T22:23:25Z" data-provider="dataTest" finished-at="2019-03-16T22:23:30Z">
          <params>
            <param index="0">
              <value>
                <![CDATA[]]>
              </value>
            </param>
            <param index="1">
              <value>
                <![CDATA[linhvt1996@gmail.com]]>
              </value>
            </param>
            <param index="2">
              <value>
                <![CDATA[]]>
              </value>
            </param>
          </params>
          <reporter-output>
          </reporter-output>
        </test-method> <!-- Test -->
        <test-method status="PASS" signature="teardown()[pri:0, instance:com.fpt.assignment2.excercise3.TestCreatAccount@59fa1d9b]" name="teardown" is-config="true" duration-ms="113" started-at="2019-03-16T22:23:30Z" finished-at="2019-03-16T22:23:30Z">
          <reporter-output>
          </reporter-output>
        </test-method> <!-- teardown -->
        <test-method status="PASS" signature="setup()[pri:0, instance:com.fpt.assignment2.excercise3.TestCreatAccount@59fa1d9b]" name="setup" is-config="true" duration-ms="12291" started-at="2019-03-16T22:23:30Z" finished-at="2019-03-16T22:23:42Z">
          <reporter-output>
          </reporter-output>
        </test-method> <!-- setup -->
        <test-method status="PASS" signature="Test(java.lang.String, java.lang.String, java.lang.String)[pri:0, instance:com.fpt.assignment2.excercise3.TestCreatAccount@59fa1d9b]" name="Test" duration-ms="5324" started-at="2019-03-16T22:23:42Z" data-provider="dataTest" finished-at="2019-03-16T22:23:48Z">
          <params>
            <param index="0">
              <value>
                <![CDATA[2]]>
              </value>
            </param>
            <param index="1">
              <value>
                <![CDATA[linhvtt]]>
              </value>
            </param>
            <param index="2">
              <value>
                <![CDATA[Invalid email address.]]>
              </value>
            </param>
          </params>
          <reporter-output>
          </reporter-output>
        </test-method> <!-- Test -->
        <test-method status="PASS" signature="teardown()[pri:0, instance:com.fpt.assignment2.excercise3.TestCreatAccount@59fa1d9b]" name="teardown" is-config="true" duration-ms="95" started-at="2019-03-16T22:23:48Z" finished-at="2019-03-16T22:23:48Z">
          <reporter-output>
          </reporter-output>
        </test-method> <!-- teardown -->
        <test-method status="PASS" signature="setup()[pri:0, instance:com.fpt.assignment2.excercise3.TestCreatAccount@59fa1d9b]" name="setup" is-config="true" duration-ms="15658" started-at="2019-03-16T22:23:48Z" finished-at="2019-03-16T22:24:03Z">
          <reporter-output>
          </reporter-output>
        </test-method> <!-- setup -->
        <test-method status="PASS" signature="Test(java.lang.String, java.lang.String, java.lang.String)[pri:0, instance:com.fpt.assignment2.excercise3.TestCreatAccount@59fa1d9b]" name="Test" duration-ms="5234" started-at="2019-03-16T22:24:03Z" data-provider="dataTest" finished-at="2019-03-16T22:24:09Z">
          <params>
            <param index="0">
              <value>
                <![CDATA[4]]>
              </value>
            </param>
            <param index="1">
              <value>
                <![CDATA[]]>
              </value>
            </param>
            <param index="2">
              <value>
                <![CDATA[Invalid email address.]]>
              </value>
            </param>
          </params>
          <reporter-output>
          </reporter-output>
        </test-method> <!-- Test -->
        <test-method status="PASS" signature="teardown()[pri:0, instance:com.fpt.assignment2.excercise3.TestCreatAccount@59fa1d9b]" name="teardown" is-config="true" duration-ms="96" started-at="2019-03-16T22:24:09Z" finished-at="2019-03-16T22:24:09Z">
          <reporter-output>
          </reporter-output>
        </test-method> <!-- teardown -->
        <test-method status="PASS" signature="setup()[pri:0, instance:com.fpt.assignment2.excercise3.TestCreatAccount@59fa1d9b]" name="setup" is-config="true" duration-ms="14926" started-at="2019-03-16T22:24:09Z" finished-at="2019-03-16T22:24:24Z">
          <reporter-output>
          </reporter-output>
        </test-method> <!-- setup -->
        <test-method status="PASS" signature="Test(java.lang.String, java.lang.String, java.lang.String)[pri:0, instance:com.fpt.assignment2.excercise3.TestCreatAccount@59fa1d9b]" name="Test" duration-ms="5364" started-at="2019-03-16T22:24:24Z" data-provider="dataTest" finished-at="2019-03-16T22:24:29Z">
          <params>
            <param index="0">
              <value>
                <![CDATA[5]]>
              </value>
            </param>
            <param index="1">
              <value>
                <![CDATA[thuylinhvt.ptit@gmail.com]]>
              </value>
            </param>
            <param index="2">
              <value>
                <![CDATA[An account using this email address has already been registered. Please enter a valid password or request a new one.]]>
              </value>
            </param>
          </params>
          <reporter-output>
          </reporter-output>
        </test-method> <!-- Test -->
        <test-method status="PASS" signature="teardown()[pri:0, instance:com.fpt.assignment2.excercise3.TestCreatAccount@59fa1d9b]" name="teardown" is-config="true" duration-ms="100" started-at="2019-03-16T22:24:29Z" finished-at="2019-03-16T22:24:29Z">
          <reporter-output>
          </reporter-output>
        </test-method> <!-- teardown -->
      </class> <!-- com.fpt.assignment2.excercise3.TestCreatAccount -->
    </test> <!-- Default test -->
  </suite> <!-- Default suite -->
</testng-results>
