<?xml version="1.0" encoding="UTF-8" ?>
<testsuite tests="11" failures="1" name="com.fpt.NewTest" time="4.623" errors="0" skipped="10">
  <properties>
[...]
</properties>
  <testcase classname="com.fpt.NewTest" name="setup" time="0.404">
    <failure message="The driver is not executable: /Users/apple/eclipse-workspace/Assignment2_Cross-Browser_Testing_and_Jenkins/chromedriver" type="java.lang.IllegalStateException">java.lang.IllegalStateException: The driver is not executable: /Users/apple/eclipse-workspace/Assignment2_Cross-Browser_Testing_and_Jenkins/chromedriver
	at com.google.common.base.Preconditions.checkState(Preconditions.java:585)
	at org.openqa.selenium.remote.service.DriverService.checkExecutable(DriverService.java:141)
	at org.openqa.selenium.remote.service.DriverService.findExecutable(DriverService.java:132)
	at org.openqa.selenium.chrome.ChromeDriverService.access$000(ChromeDriverService.java:35)
	at org.openqa.selenium.chrome.ChromeDriverService$Builder.findDefaultExecutable(ChromeDriverService.java:156)
	at org.openqa.selenium.remote.service.DriverService$Builder.build(DriverService.java:346)
	at org.openqa.selenium.chrome.ChromeDriverService.createDefaultService(ChromeDriverService.java:91)
	at org.openqa.selenium.chrome.ChromeDriver.&lt;init&gt;(ChromeDriver.java:123)
	at com.fpt.NewTest.setup(NewTest.java:20)
</failure>
    <system-out>Configuring TestNG with: org.apache.maven.surefire.testng.conf.TestNG652Configurator@5e265ba4
</system-out>
  </testcase>
  <testcase classname="com.fpt.NewTest" name="checkDisplay" time="0.419">
    <skipped/>
  </testcase>
  <testcase classname="com.fpt.NewTest" name="clickContactButton" time="0.42">
    <skipped/>
  </testcase>
  <testcase classname="com.fpt.NewTest" name="testClickSendButton" time="0.421">
    <skipped/>
  </testcase>
  <testcase classname="com.fpt.NewTest" name="testInputEmail" time="0.421">
    <skipped/>
  </testcase>
  <testcase classname="com.fpt.NewTest" name="testInputMessage" time="0.422">
    <skipped/>
  </testcase>
  <testcase classname="com.fpt.NewTest" name="testSelectCustomerService" time="0.422">
    <skipped/>
  </testcase>
  <testcase classname="com.fpt.NewTest" name="testSelectOrderReference" time="0.422">
    <skipped/>
  </testcase>
  <testcase classname="com.fpt.NewTest" name="testSelectProduct" time="0.423">
    <skipped/>
  </testcase>
  <testcase classname="com.fpt.NewTest" name="testVerifyText" time="0.424">
    <skipped/>
  </testcase>
  <testcase classname="com.fpt.NewTest" name="teardown" time="0.425">
    <skipped/>
  </testcase>
</testsuite>