<?xml version="1.0" encoding="UTF-8"?>
<testng-results skipped="0" failed="0" total="1" passed="1">
  <reporter-output>
  </reporter-output>
  <suite name="Default suite" duration-ms="4644" started-at="2019-03-08T14:36:36Z" finished-at="2019-03-08T14:36:41Z">
    <groups>
    </groups>
    <test name="Default test" duration-ms="4644" started-at="2019-03-08T14:36:36Z" finished-at="2019-03-08T14:36:41Z">
      <class name="com.fpt.Excercise2">
        <test-method status="PASS" signature="setUp()[pri:0, instance:com.fpt.Excercise2@4ec6a292]" name="setUp" is-config="true" duration-ms="4400" started-at="2019-03-08T21:36:36Z" finished-at="2019-03-08T21:36:41Z">
          <reporter-output>
          </reporter-output>
        </test-method> <!-- setUp -->
        <test-method status="PASS" signature="testCheckbox()[pri:0, instance:com.fpt.Excercise2@4ec6a292]" name="testCheckbox" duration-ms="115" started-at="2019-03-08T21:36:41Z" finished-at="2019-03-08T21:36:41Z">
          <reporter-output>
          </reporter-output>
        </test-method> <!-- testCheckbox -->
        <test-method status="PASS" signature="tearDown()[pri:0, instance:com.fpt.Excercise2@4ec6a292]" name="tearDown" is-config="true" duration-ms="110" started-at="2019-03-08T21:36:41Z" finished-at="2019-03-08T21:36:41Z">
          <reporter-output>
          </reporter-output>
        </test-method> <!-- tearDown -->
      </class> <!-- com.fpt.Excercise2 -->
    </test> <!-- Default test -->
  </suite> <!-- Default suite -->
</testng-results>
