<?xml version="1.0" encoding="UTF-8"?>
<!-- Generated by org.testng.reporters.JUnitXMLReporter -->
<testsuite hostname="MacBook-Pro-2.local" ignored="0" name="Command line test" tests="6" failures="0" timestamp="06 Mar 2019 18:52:21 GMT" time="0.065" errors="0">
  <testcase name="f" time="0.012" classname="com.fpt.xmlTest"/>
  <testcase name="TestContructor1" time="0.004" classname="com.fpt.TestMyTriangle"/>
  <testcase name="TestGetPerimeter" time="0.001" classname="com.fpt.TestMyTriangle"/>
  <testcase name="TestPrintIsoscelesType" time="0.0" classname="com.fpt.TestMyTriangle"/>
  <testcase name="TestPrintScalene" time="0.0" classname="com.fpt.TestMyTriangle"/>
  <testcase name="TestToString" time="0.0" classname="com.fpt.TestMyTriangle"/>
</testsuite> <!-- Command line test -->
