<?xml version="1.0" encoding="UTF-8"?>
<testng-results skipped="0" failed="0" total="16" passed="16">
  <reporter-output>
  </reporter-output>
  <suite name="Default suite" duration-ms="77" started-at="2019-03-06T18:25:44Z" finished-at="2019-03-06T18:25:45Z">
    <groups>
    </groups>
    <test name="Default test" duration-ms="77" started-at="2019-03-06T18:25:44Z" finished-at="2019-03-06T18:25:45Z">
      <class name="com.fpt.excercise3.test.NewTest">
        <test-method status="PASS" signature="TestContructor1()[pri:0, instance:com.fpt.excercise3.test.NewTest@629f0666]" name="TestContructor1" duration-ms="10" started-at="2019-03-07T01:25:44Z" finished-at="2019-03-07T01:25:44Z">
          <reporter-output>
          </reporter-output>
        </test-method> <!-- TestContructor1 -->
        <test-method status="PASS" signature="TestContructor2()[pri:0, instance:com.fpt.excercise3.test.NewTest@629f0666]" name="TestContructor2" duration-ms="1" started-at="2019-03-07T01:25:44Z" finished-at="2019-03-07T01:25:44Z">
          <reporter-output>
          </reporter-output>
        </test-method> <!-- TestContructor2 -->
        <test-method status="PASS" signature="TestGetHour()[pri:0, instance:com.fpt.excercise3.test.NewTest@629f0666]" name="TestGetHour" duration-ms="1" started-at="2019-03-07T01:25:44Z" finished-at="2019-03-07T01:25:44Z">
          <reporter-output>
          </reporter-output>
        </test-method> <!-- TestGetHour -->
        <test-method status="PASS" signature="TestGetMinute()[pri:0, instance:com.fpt.excercise3.test.NewTest@629f0666]" name="TestGetMinute" duration-ms="1" started-at="2019-03-07T01:25:44Z" finished-at="2019-03-07T01:25:44Z">
          <reporter-output>
          </reporter-output>
        </test-method> <!-- TestGetMinute -->
        <test-method status="PASS" signature="TestGetSecond()[pri:0, instance:com.fpt.excercise3.test.NewTest@629f0666]" name="TestGetSecond" duration-ms="0" started-at="2019-03-07T01:25:44Z" finished-at="2019-03-07T01:25:44Z">
          <reporter-output>
          </reporter-output>
        </test-method> <!-- TestGetSecond -->
        <test-method status="PASS" signature="TestNextHour()[pri:0, instance:com.fpt.excercise3.test.NewTest@629f0666]" name="TestNextHour" duration-ms="1" started-at="2019-03-07T01:25:44Z" finished-at="2019-03-07T01:25:44Z">
          <reporter-output>
          </reporter-output>
        </test-method> <!-- TestNextHour -->
        <test-method status="PASS" signature="TestNextMinute()[pri:0, instance:com.fpt.excercise3.test.NewTest@629f0666]" name="TestNextMinute" duration-ms="2" started-at="2019-03-07T01:25:44Z" finished-at="2019-03-07T01:25:44Z">
          <reporter-output>
          </reporter-output>
        </test-method> <!-- TestNextMinute -->
        <test-method status="PASS" signature="TestNextSecond()[pri:0, instance:com.fpt.excercise3.test.NewTest@629f0666]" name="TestNextSecond" duration-ms="3" started-at="2019-03-07T01:25:44Z" finished-at="2019-03-07T01:25:44Z">
          <reporter-output>
          </reporter-output>
        </test-method> <!-- TestNextSecond -->
        <test-method status="PASS" signature="TestPreviousHour()[pri:0, instance:com.fpt.excercise3.test.NewTest@629f0666]" name="TestPreviousHour" duration-ms="8" started-at="2019-03-07T01:25:45Z" finished-at="2019-03-07T01:25:45Z">
          <reporter-output>
          </reporter-output>
        </test-method> <!-- TestPreviousHour -->
        <test-method status="PASS" signature="TestPreviousMinute()[pri:0, instance:com.fpt.excercise3.test.NewTest@629f0666]" name="TestPreviousMinute" duration-ms="3" started-at="2019-03-07T01:25:45Z" finished-at="2019-03-07T01:25:45Z">
          <reporter-output>
          </reporter-output>
        </test-method> <!-- TestPreviousMinute -->
        <test-method status="PASS" signature="TestPreviousSecond()[pri:0, instance:com.fpt.excercise3.test.NewTest@629f0666]" name="TestPreviousSecond" duration-ms="2" started-at="2019-03-07T01:25:45Z" finished-at="2019-03-07T01:25:45Z">
          <reporter-output>
          </reporter-output>
        </test-method> <!-- TestPreviousSecond -->
        <test-method status="PASS" signature="TestSetHour()[pri:0, instance:com.fpt.excercise3.test.NewTest@629f0666]" name="TestSetHour" duration-ms="0" started-at="2019-03-07T01:25:45Z" finished-at="2019-03-07T01:25:45Z">
          <reporter-output>
          </reporter-output>
        </test-method> <!-- TestSetHour -->
        <test-method status="PASS" signature="TestSetMinute()[pri:0, instance:com.fpt.excercise3.test.NewTest@629f0666]" name="TestSetMinute" duration-ms="1" started-at="2019-03-07T01:25:45Z" finished-at="2019-03-07T01:25:45Z">
          <reporter-output>
          </reporter-output>
        </test-method> <!-- TestSetMinute -->
        <test-method status="PASS" signature="TestSetSecond()[pri:0, instance:com.fpt.excercise3.test.NewTest@629f0666]" name="TestSetSecond" duration-ms="1" started-at="2019-03-07T01:25:45Z" finished-at="2019-03-07T01:25:45Z">
          <reporter-output>
          </reporter-output>
        </test-method> <!-- TestSetSecond -->
        <test-method status="PASS" signature="TestSetTime()[pri:0, instance:com.fpt.excercise3.test.NewTest@629f0666]" name="TestSetTime" duration-ms="1" started-at="2019-03-07T01:25:45Z" finished-at="2019-03-07T01:25:45Z">
          <reporter-output>
          </reporter-output>
        </test-method> <!-- TestSetTime -->
        <test-method status="PASS" signature="TestToString()[pri:0, instance:com.fpt.excercise3.test.NewTest@629f0666]" name="TestToString" duration-ms="1" started-at="2019-03-07T01:25:45Z" finished-at="2019-03-07T01:25:45Z">
          <reporter-output>
          </reporter-output>
        </test-method> <!-- TestToString -->
      </class> <!-- com.fpt.excercise3.test.NewTest -->
    </test> <!-- Default test -->
  </suite> <!-- Default suite -->
</testng-results>
