<?xml version="1.0" encoding="UTF-8"?>
<testng-results skipped="0" failed="0" ignored="0" total="4" passed="4">
  <reporter-output>
  </reporter-output>
  <suite name="Default suite" duration-ms="51" started-at="2019-03-05T02:52:05Z" finished-at="2019-03-05T02:52:05Z">
    <groups>
    </groups>
    <test name="Default test" duration-ms="51" started-at="2019-03-05T02:52:05Z" finished-at="2019-03-05T02:52:05Z">
      <class name="calculatorApp.NewTest">
        <test-method status="PASS" signature="TestAddition()[pri:0, instance:calculatorApp.NewTest@50c87b21]" name="TestAddition" duration-ms="13" started-at="2019-03-05T02:52:05Z" finished-at="2019-03-05T02:52:05Z">
          <reporter-output>
          </reporter-output>
        </test-method> <!-- TestAddition -->
        <test-method status="PASS" signature="TestDivision()[pri:0, instance:calculatorApp.NewTest@50c87b21]" name="TestDivision" duration-ms="2" started-at="2019-03-05T02:52:05Z" finished-at="2019-03-05T02:52:05Z">
          <reporter-output>
          </reporter-output>
        </test-method> <!-- TestDivision -->
        <test-method status="PASS" signature="TestSmultiplication()[pri:0, instance:calculatorApp.NewTest@50c87b21]" name="TestSmultiplication" duration-ms="1" started-at="2019-03-05T02:52:05Z" finished-at="2019-03-05T02:52:05Z">
          <reporter-output>
          </reporter-output>
        </test-method> <!-- TestSmultiplication -->
        <test-method status="PASS" signature="TestSubtraction()[pri:0, instance:calculatorApp.NewTest@50c87b21]" name="TestSubtraction" duration-ms="2" started-at="2019-03-05T02:52:05Z" finished-at="2019-03-05T02:52:05Z">
          <reporter-output>
          </reporter-output>
        </test-method> <!-- TestSubtraction -->
      </class> <!-- calculatorApp.NewTest -->
    </test> <!-- Default test -->
  </suite> <!-- Default suite -->
</testng-results>
