<?xml version="1.0" encoding="UTF-8"?>
<!-- Generated by org.testng.reporters.JUnitXMLReporter -->
<testsuite hostname="Temp-ThanhNTH" ignored="0" name="Command line test" tests="4" failures="4" timestamp="05 Mar 2019 09:12:42 GMT" time="0.054" errors="0">
  <testcase name="TestContructor1" time="0.016" classname="com.fpt.TestMyTriangle">
    <failure type="java.lang.IllegalArgumentException" message="Not a triangle!">
      <![CDATA[java.lang.IllegalArgumentException: Not a triangle!
at com.fpt.excercise3.MyTriangle.<init>(MyTriangle.java:16)
at com.fpt.TestMyTriangle.TestContructor1(TestMyTriangle.java:16)
... Removed 34 stack frames]]>
    </failure>
  </testcase> <!-- TestContructor1 -->
  <testcase name="TestContructor2" time="0.0" classname="com.fpt.TestMyTriangle">
    <failure type="java.lang.NullPointerException">
      <![CDATA[java.lang.NullPointerException
at com.fpt.excercise3.MyTriangle.<init>(MyTriangle.java:26)
at com.fpt.TestMyTriangle.TestContructor2(TestMyTriangle.java:27)
... Removed 34 stack frames]]>
    </failure>
  </testcase> <!-- TestContructor2 -->
  <testcase name="TestGetPerimeter" time="0.0" classname="com.fpt.TestMyTriangle">
    <failure type="java.lang.IllegalArgumentException" message="Not a triangle!">
      <![CDATA[java.lang.IllegalArgumentException: Not a triangle!
at com.fpt.excercise3.MyTriangle.<init>(MyTriangle.java:16)
at com.fpt.TestMyTriangle.TestGetPerimeter(TestMyTriangle.java:52)
... Removed 34 stack frames]]>
    </failure>
  </testcase> <!-- TestGetPerimeter -->
  <testcase name="TestToString" time="0.001" classname="com.fpt.TestMyTriangle">
    <failure type="java.lang.IllegalArgumentException" message="Not a triangle!">
      <![CDATA[java.lang.IllegalArgumentException: Not a triangle!
at com.fpt.excercise3.MyTriangle.<init>(MyTriangle.java:16)
at com.fpt.TestMyTriangle.TestToString(TestMyTriangle.java:39)
... Removed 34 stack frames]]>
    </failure>
  </testcase> <!-- TestToString -->
</testsuite> <!-- Command line test -->
