<?xml version="1.0" encoding="UTF-8"?>
<testng-results skipped="0" failed="0" total="7" passed="7">
  <reporter-output>
  </reporter-output>
  <suite name="Default suite" duration-ms="52" started-at="2019-03-06T15:40:45Z" finished-at="2019-03-06T15:40:46Z">
    <groups>
    </groups>
    <test name="Default test" duration-ms="52" started-at="2019-03-06T15:40:45Z" finished-at="2019-03-06T15:40:46Z">
      <class name="fa.edu.excercise4.NewTest">
        <test-method status="PASS" signature="Test(java.lang.String, java.lang.String)[pri:0, instance:fa.edu.excercise4.NewTest@1bc6a36e]" name="Test" duration-ms="11" started-at="2019-03-06T22:40:46Z" data-provider="showInfor" finished-at="2019-03-06T22:40:46Z">
          <params>
            <param index="0">
              <value>
                <![CDATA[red]]>
              </value>
            </param>
            <param index="1">
              <value>
                <![CDATA[#f00]]>
              </value>
            </param>
          </params>
          <reporter-output>
          </reporter-output>
        </test-method> <!-- Test -->
        <test-method status="PASS" signature="Test(java.lang.String, java.lang.String)[pri:0, instance:fa.edu.excercise4.NewTest@1bc6a36e]" name="Test" duration-ms="1" started-at="2019-03-06T22:40:46Z" data-provider="showInfor" finished-at="2019-03-06T22:40:46Z">
          <params>
            <param index="0">
              <value>
                <![CDATA[green]]>
              </value>
            </param>
            <param index="1">
              <value>
                <![CDATA[#0f0]]>
              </value>
            </param>
          </params>
          <reporter-output>
          </reporter-output>
        </test-method> <!-- Test -->
        <test-method status="PASS" signature="Test(java.lang.String, java.lang.String)[pri:0, instance:fa.edu.excercise4.NewTest@1bc6a36e]" name="Test" duration-ms="2" started-at="2019-03-06T22:40:46Z" data-provider="showInfor" finished-at="2019-03-06T22:40:46Z">
          <params>
            <param index="0">
              <value>
                <![CDATA[blue]]>
              </value>
            </param>
            <param index="1">
              <value>
                <![CDATA[#00f]]>
              </value>
            </param>
          </params>
          <reporter-output>
          </reporter-output>
        </test-method> <!-- Test -->
        <test-method status="PASS" signature="Test(java.lang.String, java.lang.String)[pri:0, instance:fa.edu.excercise4.NewTest@1bc6a36e]" name="Test" duration-ms="1" started-at="2019-03-06T22:40:46Z" data-provider="showInfor" finished-at="2019-03-06T22:40:46Z">
          <params>
            <param index="0">
              <value>
                <![CDATA[cyan]]>
              </value>
            </param>
            <param index="1">
              <value>
                <![CDATA[#0ff]]>
              </value>
            </param>
          </params>
          <reporter-output>
          </reporter-output>
        </test-method> <!-- Test -->
        <test-method status="PASS" signature="Test(java.lang.String, java.lang.String)[pri:0, instance:fa.edu.excercise4.NewTest@1bc6a36e]" name="Test" duration-ms="0" started-at="2019-03-06T22:40:46Z" data-provider="showInfor" finished-at="2019-03-06T22:40:46Z">
          <params>
            <param index="0">
              <value>
                <![CDATA[magenta]]>
              </value>
            </param>
            <param index="1">
              <value>
                <![CDATA[#f0f]]>
              </value>
            </param>
          </params>
          <reporter-output>
          </reporter-output>
        </test-method> <!-- Test -->
        <test-method status="PASS" signature="Test(java.lang.String, java.lang.String)[pri:0, instance:fa.edu.excercise4.NewTest@1bc6a36e]" name="Test" duration-ms="0" started-at="2019-03-06T22:40:46Z" data-provider="showInfor" finished-at="2019-03-06T22:40:46Z">
          <params>
            <param index="0">
              <value>
                <![CDATA[yellow]]>
              </value>
            </param>
            <param index="1">
              <value>
                <![CDATA[#ff0]]>
              </value>
            </param>
          </params>
          <reporter-output>
          </reporter-output>
        </test-method> <!-- Test -->
        <test-method status="PASS" signature="Test(java.lang.String, java.lang.String)[pri:0, instance:fa.edu.excercise4.NewTest@1bc6a36e]" name="Test" duration-ms="1" started-at="2019-03-06T22:40:46Z" data-provider="showInfor" finished-at="2019-03-06T22:40:46Z">
          <params>
            <param index="0">
              <value>
                <![CDATA[black]]>
              </value>
            </param>
            <param index="1">
              <value>
                <![CDATA[#000]]>
              </value>
            </param>
          </params>
          <reporter-output>
          </reporter-output>
        </test-method> <!-- Test -->
      </class> <!-- fa.edu.excercise4.NewTest -->
    </test> <!-- Default test -->
  </suite> <!-- Default suite -->
</testng-results>
