<?xml version="1.0" encoding="UTF-8" ?>
<testsuite tests="4" failures="4" name="com.fpt.TestMyTriangle" time="0.028" errors="0" skipped="0">
  <properties>
[...]
</properties>
  <testcase classname="com.fpt.TestMyTriangle" name="TestContructor1" time="0.024">
    <failure message="Not a triangle!" type="java.lang.IllegalArgumentException">java.lang.IllegalArgumentException: Not a triangle!
	at com.fpt.excercise3.MyTriangle.&lt;init&gt;(MyTriangle.java:16)
	at com.fpt.TestMyTriangle.TestContructor1(TestMyTriangle.java:16)
</failure>
    <system-out>Configuring TestNG with: org.apache.maven.surefire.testng.conf.TestNG652Configurator@7e0b37bc
</system-out>
  </testcase>
  <testcase classname="com.fpt.TestMyTriangle" name="TestContructor2" time="0">
    <failure type="java.lang.NullPointerException">java.lang.NullPointerException
	at com.fpt.excercise3.MyTriangle.&lt;init&gt;(MyTriangle.java:26)
	at com.fpt.TestMyTriangle.TestContructor2(TestMyTriangle.java:27)
</failure>
  </testcase>
  <testcase classname="com.fpt.TestMyTriangle" name="TestGetPerimeter" time="0">
    <failure message="Not a triangle!" type="java.lang.IllegalArgumentException">java.lang.IllegalArgumentException: Not a triangle!
	at com.fpt.excercise3.MyTriangle.&lt;init&gt;(MyTriangle.java:16)
	at com.fpt.TestMyTriangle.TestGetPerimeter(TestMyTriangle.java:52)
</failure>
  </testcase>
  <testcase classname="com.fpt.TestMyTriangle" name="TestToString" time="0.004">
    <failure message="Not a triangle!" type="java.lang.IllegalArgumentException">java.lang.IllegalArgumentException: Not a triangle!
	at com.fpt.excercise3.MyTriangle.&lt;init&gt;(MyTriangle.java:16)
	at com.fpt.TestMyTriangle.TestToString(TestMyTriangle.java:39)
</failure>
  </testcase>
</testsuite>