<?xml version="1.0" encoding="UTF-8"?>
<testng-results skipped="0" failed="0" ignored="0" total="1" passed="1">
  <reporter-output>
  </reporter-output>
  <suite name="Default suite" duration-ms="4459" started-at="2019-03-11T15:45:06Z" finished-at="2019-03-11T15:45:11Z">
    <groups>
    </groups>
    <test name="Default test" duration-ms="4459" started-at="2019-03-11T15:45:06Z" finished-at="2019-03-11T15:45:11Z">
      <class name="com.fpt.practice2.Excercise5">
        <test-method status="PASS" signature="setup()[pri:0, instance:com.fpt.practice2.Excercise5@c038203]" name="setup" is-config="true" duration-ms="4193" started-at="2019-03-11T22:45:06Z" finished-at="2019-03-11T22:45:10Z">
          <reporter-output>
          </reporter-output>
        </test-method> <!-- setup -->
        <test-method status="PASS" signature="Test()[pri:0, instance:com.fpt.practice2.Excercise5@c038203]" name="Test" duration-ms="105" started-at="2019-03-11T22:45:10Z" finished-at="2019-03-11T22:45:10Z">
          <reporter-output>
          </reporter-output>
        </test-method> <!-- Test -->
        <test-method status="PASS" signature="teardown()[pri:0, instance:com.fpt.practice2.Excercise5@c038203]" name="teardown" is-config="true" duration-ms="141" started-at="2019-03-11T22:45:10Z" finished-at="2019-03-11T22:45:11Z">
          <reporter-output>
          </reporter-output>
        </test-method> <!-- teardown -->
      </class> <!-- com.fpt.practice2.Excercise5 -->
    </test> <!-- Default test -->
  </suite> <!-- Default suite -->
</testng-results>
