<?xml version="1.0" encoding="UTF-8"?>
<testng-results skipped="0" failed="0" ignored="0" total="1" passed="1">
  <reporter-output>
  </reporter-output>
  <suite name="Default suite" duration-ms="48620" started-at="2019-03-28T06:54:22Z" finished-at="2019-03-28T06:55:11Z">
    <groups>
    </groups>
    <test name="Default test" duration-ms="48620" started-at="2019-03-28T06:54:22Z" finished-at="2019-03-28T06:55:11Z">
      <class name="com.fpt.excercise2.TestSettingFunctionOnStarbucksApp_Android">
        <test-method status="PASS" signature="setup()[pri:0, instance:com.fpt.excercise2.TestSettingFunctionOnStarbucksApp_Android@77ec78b9]" name="setup" is-config="true" duration-ms="20789" started-at="2019-03-28T06:54:22Z" finished-at="2019-03-28T06:54:43Z">
          <reporter-output>
          </reporter-output>
        </test-method> <!-- setup -->
        <test-method status="PASS" signature="test()[pri:0, instance:com.fpt.excercise2.TestSettingFunctionOnStarbucksApp_Android@77ec78b9]" name="test" duration-ms="25637" started-at="2019-03-28T06:54:43Z" finished-at="2019-03-28T06:55:08Z">
          <reporter-output>
          </reporter-output>
        </test-method> <!-- test -->
        <test-method status="PASS" signature="teardown()[pri:0, instance:com.fpt.excercise2.TestSettingFunctionOnStarbucksApp_Android@77ec78b9]" name="teardown" is-config="true" duration-ms="2178" started-at="2019-03-28T06:55:08Z" finished-at="2019-03-28T06:55:11Z">
          <reporter-output>
          </reporter-output>
        </test-method> <!-- teardown -->
      </class> <!-- com.fpt.excercise2.TestSettingFunctionOnStarbucksApp_Android -->
    </test> <!-- Default test -->
  </suite> <!-- Default suite -->
</testng-results>
