<?xml version="1.0" encoding="UTF-8"?>
<!-- Generated by org.testng.reporters.JUnitXMLReporter -->
<testsuite hostname="MacBook-Pro-2.local" ignored="0" name="Default test" tests="4" failures="0" timestamp="16 Mar 2019 15:24:34 GMT" time="78.739" errors="0">
  <testcase name="Test" time="5.391" classname="com.fpt.assignment2.excercise3.TestCreatAccount"/>
  <testcase name="Test" time="5.324" classname="com.fpt.assignment2.excercise3.TestCreatAccount"/>
  <testcase name="Test" time="5.234" classname="com.fpt.assignment2.excercise3.TestCreatAccount"/>
  <testcase name="Test" time="5.364" classname="com.fpt.assignment2.excercise3.TestCreatAccount"/>
</testsuite> <!-- Default test -->
