<?xml version="1.0" encoding="UTF-8"?>
<!-- Generated by org.testng.reporters.JUnitXMLReporter -->
<testsuite hostname="MacBook-Pro-2.local" ignored="1" name="Command line test" tests="1" failures="0" timestamp="24 Mar 2019 16:24:41 GMT" time="0.046" errors="0">
  <testcase name="@BeforeTest beforeClass" time="0.0" classname="com.fpt.BaseTest">
    <failure type="org.testng.TestNGException" message="
Parameter &amp;apos;platform&amp;apos; is required by BeforeTest on method beforeClass but has not been marked @Optional or defined
">
      <![CDATA[org.testng.TestNGException: 
Parameter 'platform' is required by BeforeTest on method beforeClass but has not been marked @Optional or defined

... Removed 31 stack frames]]>
    </failure>
  </testcase> <!-- @BeforeTest beforeClass -->
  <testcase name="@AfterClass afterClass" time="0.0" classname="com.fpt.BaseTest">
    <skipped/>
  </testcase> <!-- @AfterClass afterClass -->
  <testcase name="test" time="0.0" classname="com.fpt.TestParallel">
    <skipped/>
  </testcase> <!-- test -->
  <testcase name="@BeforeTest beforeClass" time="0.0" classname="com.fpt.BaseTest">
    <ignored/>
  </testcase> <!-- @BeforeTest beforeClass -->
</testsuite> <!-- Command line test -->
